# JRE version: OpenJDK Runtime Environment (8.0_312-b07) (build 1.8.0_312-b07)
# Java VM: OpenJDK 64-Bit Server VM (25.312-b07 mixed mode bsd-amd64 compressed oops)
Heap:
 PSYoungGen      total 821760K, used 237010K [0x000000078bf00000, 0x00000007bfa00000, 0x00000007c0000000)
  eden space 819200K, 28% used [0x000000078bf00000,0x000000079a674aa8,0x00000007bdf00000)
  from space 2560K, 0% used [0x00000007bdf00000,0x00000007bdf00000,0x00000007be180000)
  to   space 13824K, 0% used [0x00000007bec80000,0x00000007bec80000,0x00000007bfa00000)
 ParOldGen       total 868352K, used 119552K [0x0000000723c00000, 0x0000000758c00000, 0x000000078bf00000)
  object space 868352K, 13% used [0x0000000723c00000,0x000000072b0c0200,0x0000000758c00000)
 Metaspace       used 144951K, capacity 152468K, committed 159564K, reserved 1181696K
  class space    used 16022K, capacity 20750K, committed 26752K, reserved 1048576K
GC Heap History (10 events):
Event: 298.973 GC heap before
{Heap before GC invocations=554 (full 263):
 PSYoungGen      total 822272K, used 2703K [0x000000078bf00000, 0x00000007bfc00000, 0x00000007c0000000)
  eden space 819200K, 0% used [0x000000078bf00000,0x000000078bf00000,0x00000007bdf00000)
  from space 3072K, 87% used [0x00000007bdf00000,0x00000007be1a3cd8,0x00000007be200000)
  to   space 14848K, 0% used [0x00000007bed80000,0x00000007bed80000,0x00000007bfc00000)
 ParOldGen       total 868352K, used 119891K [0x0000000723c00000, 0x0000000758c00000, 0x000000078bf00000)
  object space 868352K, 13% used [0x0000000723c00000,0x000000072b114d80,0x0000000758c00000)
 Metaspace       used 144606K, capacity 151432K, committed 159564K, reserved 1181696K
  class space    used 15909K, capacity 20011K, committed 26752K, reserved 1048576K
Event: 299.519 GC heap after
Heap after GC invocations=554 (full 263):
 PSYoungGen      total 822272K, used 0K [0x000000078bf00000, 0x00000007bfc00000, 0x00000007c0000000)
  eden space 819200K, 0% used [0x000000078bf00000,0x000000078bf00000,0x00000007bdf00000)
  from space 3072K, 0% used [0x00000007bdf00000,0x00000007bdf00000,0x00000007be200000)
  to   space 14848K, 0% used [0x00000007bed80000,0x00000007bed80000,0x00000007bfc00000)
 ParOldGen       total 868352K, used 119080K [0x0000000723c00000, 0x0000000758c00000, 0x000000078bf00000)
  object space 868352K, 13% used [0x0000000723c00000,0x000000072b04a298,0x0000000758c00000)
 Metaspace       used 144461K, capacity 150782K, committed 159564K, reserved 1181696K
  class space    used 15842K, capacity 19464K, committed 26752K, reserved 1048576K
}
Event: 299.576 GC heap before
{Heap before GC invocations=555 (full 263):
 PSYoungGen      total 822272K, used 7795K [0x000000078bf00000, 0x00000007bfc00000, 0x00000007c0000000)
  eden space 819200K, 0% used [0x000000078bf00000,0x000000078c69cf60,0x00000007bdf00000)
  from space 3072K, 0% used [0x00000007bdf00000,0x00000007bdf00000,0x00000007be200000)
  to   space 14848K, 0% used [0x00000007bed80000,0x00000007bed80000,0x00000007bfc00000)
 ParOldGen       total 868352K, used 119080K [0x0000000723c00000, 0x0000000758c00000, 0x000000078bf00000)
  object space 868352K, 13% used [0x0000000723c00000,0x000000072b04a298,0x0000000758c00000)
 Metaspace       used 144591K, capacity 150942K, committed 159564K, reserved 1181696K
  class space    used 15866K, capacity 19480K, committed 26752K, reserved 1048576K
Event: 299.581 GC heap after
Heap after GC invocations=555 (full 263):
 PSYoungGen      total 833024K, used 736K [0x000000078bf00000, 0x00000007bfb00000, 0x00000007c0000000)
  eden space 819200K, 0% used [0x000000078bf00000,0x000000078bf00000,0x00000007bdf00000)
  from space 13824K, 5% used [0x00000007bed80000,0x00000007bee38020,0x00000007bfb00000)
  to   space 14336K, 0% used [0x00000007bdf00000,0x00000007bdf00000,0x00000007bed00000)
 ParOldGen       total 868352K, used 119080K [0x0000000723c00000, 0x0000000758c00000, 0x000000078bf00000)
  object space 868352K, 13% used [0x0000000723c00000,0x000000072b04a298,0x0000000758c00000)
 Metaspace       used 144591K, capacity 150942K, committed 159564K, reserved 1181696K
  class space    used 15866K, capacity 19480K, committed 26752K, reserved 1048576K
}
Event: 299.581 GC heap before
{Heap before GC invocations=556 (full 264):
 PSYoungGen      total 833024K, used 736K [0x000000078bf00000, 0x00000007bfb00000, 0x00000007c0000000)
  eden space 819200K, 0% used [0x000000078bf00000,0x000000078bf00000,0x00000007bdf00000)
  from space 13824K, 5% used [0x00000007bed80000,0x00000007bee38020,0x00000007bfb00000)
  to   space 14336K, 0% used [0x00000007bdf00000,0x00000007bdf00000,0x00000007bed00000)
 ParOldGen       total 868352K, used 119080K [0x0000000723c00000, 0x0000000758c00000, 0x000000078bf00000)
  object space 868352K, 13% used [0x0000000723c00000,0x000000072b04a298,0x0000000758c00000)
 Metaspace       used 144591K, capacity 150942K, committed 159564K, reserved 1181696K
  class space    used 15866K, capacity 19480K, committed 26752K, reserved 1048576K
Event: 300.603 GC heap after
Heap after GC invocations=556 (full 264):
 PSYoungGen      total 833024K, used 0K [0x000000078bf00000, 0x00000007bfb00000, 0x00000007c0000000)
  eden space 819200K, 0% used [0x000000078bf00000,0x000000078bf00000,0x00000007bdf00000)
  from space 13824K, 0% used [0x00000007bed80000,0x00000007bed80000,0x00000007bfb00000)
  to   space 14336K, 0% used [0x00000007bdf00000,0x00000007bdf00000,0x00000007bed00000)
 ParOldGen       total 868352K, used 118040K [0x0000000723c00000, 0x0000000758c00000, 0x000000078bf00000)
  object space 868352K, 13% used [0x0000000723c00000,0x000000072af46360,0x0000000758c00000)
 Metaspace       used 144591K, capacity 150942K, committed 159564K, reserved 1181696K
  class space    used 15866K, capacity 19480K, committed 26752K, reserved 1048576K
}
Event: 301.854 GC heap before
{Heap before GC invocations=557 (full 264):
 PSYoungGen      total 833024K, used 267188K [0x000000078bf00000, 0x00000007bfb00000, 0x00000007c0000000)
  eden space 819200K, 32% used [0x000000078bf00000,0x000000079c3ed3e8,0x00000007bdf00000)
  from space 13824K, 0% used [0x00000007bed80000,0x00000007bed80000,0x00000007bfb00000)
  to   space 14336K, 0% used [0x00000007bdf00000,0x00000007bdf00000,0x00000007bed00000)
 ParOldGen       total 868352K, used 118040K [0x0000000723c00000, 0x0000000758c00000, 0x000000078bf00000)
  object space 868352K, 13% used [0x0000000723c00000,0x000000072af46360,0x0000000758c00000)
 Metaspace       used 144744K, capacity 151518K, committed 159564K, reserved 1181696K
  class space    used 15925K, capacity 19933K, committed 26752K, reserved 1048576K
Event: 301.869 GC heap after
Heap after GC invocations=557 (full 264):
 PSYoungGen      total 821760K, used 2367K [0x000000078bf00000, 0x00000007bfa00000, 0x00000007c0000000)
  eden space 819200K, 0% used [0x000000078bf00000,0x000000078bf00000,0x00000007bdf00000)
  from space 2560K, 92% used [0x00000007bdf00000,0x00000007be14fc98,0x00000007be180000)
  to   space 13824K, 0% used [0x00000007bec80000,0x00000007bec80000,0x00000007bfa00000)
 ParOldGen       total 868352K, used 118040K [0x0000000723c00000, 0x0000000758c00000, 0x000000078bf00000)
  object space 868352K, 13% used [0x0000000723c00000,0x000000072af46360,0x0000000758c00000)
 Metaspace       used 144744K, capacity 151518K, committed 159564K, reserved 1181696K
  class space    used 15925K, capacity 19933K, committed 26752K, reserved 1048576K
}
Event: 301.869 GC heap before
{Heap before GC invocations=558 (full 265):
 PSYoungGen      total 821760K, used 2367K [0x000000078bf00000, 0x00000007bfa00000, 0x00000007c0000000)
  eden space 819200K, 0% used [0x000000078bf00000,0x000000078bf00000,0x00000007bdf00000)
  from space 2560K, 92% used [0x00000007bdf00000,0x00000007be14fc98,0x00000007be180000)
  to   space 13824K, 0% used [0x00000007bec80000,0x00000007bec80000,0x00000007bfa00000)
 ParOldGen       total 868352K, used 118040K [0x0000000723c00000, 0x0000000758c00000, 0x000000078bf00000)
  object space 868352K, 13% used [0x0000000723c00000,0x000000072af46360,0x0000000758c00000)
 Metaspace       used 144744K, capacity 151518K, committed 159564K, reserved 1181696K
  class space    used 15925K, capacity 19933K, committed 26752K, reserved 1048576K
Event: 302.391 GC heap after
Heap after GC invocations=558 (full 265):
 PSYoungGen      total 821760K, used 0K [0x000000078bf00000, 0x00000007bfa00000, 0x00000007c0000000)
  eden space 819200K, 0% used [0x000000078bf00000,0x000000078bf00000,0x00000007bdf00000)
  from space 2560K, 0% used [0x00000007bdf00000,0x00000007bdf00000,0x00000007be180000)
  to   space 13824K, 0% used [0x00000007bec80000,0x00000007bec80000,0x00000007bfa00000)
 ParOldGen       total 868352K, used 119552K [0x0000000723c00000, 0x0000000758c00000, 0x000000078bf00000)
  object space 868352K, 13% used [0x0000000723c00000,0x000000072b0c0200,0x0000000758c00000)
 Metaspace       used 144641K, capacity 151008K, committed 159564K, reserved 1181696K
  class space    used 15872K, capacity 19491K, committed 26752K, reserved 1048576K
}

