# JRE version: OpenJDK Runtime Environment (8.0_312-b07) (build 1.8.0_312-b07)
# Java VM: OpenJDK 64-Bit Server VM (25.312-b07 mixed mode bsd-amd64 compressed oops)
Heap:
 PSYoungGen      total 617984K, used 82190K [0x000000078ab00000, 0x00000007bbe00000, 0x00000007c0000000)
  eden space 436736K, 1% used [0x000000078ab00000,0x000000078b1e1e78,0x00000007a5580000)
  from space 181248K, 41% used [0x00000007a5580000,0x00000007a9ee1c08,0x00000007b0680000)
  to   space 172032K, 0% used [0x00000007b1600000,0x00000007b1600000,0x00000007bbe00000)
 ParOldGen       total 1747968K, used 389562K [0x0000000720000000, 0x000000078ab00000, 0x000000078ab00000)
  object space 1747968K, 22% used [0x0000000720000000,0x0000000737c6e868,0x000000078ab00000)
 Metaspace       used 230844K, capacity 258558K, committed 286904K, reserved 1277952K
  class space    used 28712K, capacity 34663K, committed 58832K, reserved 1048576K
GC Heap History (10 events):
Event: 251.235 GC heap before
{Heap before GC invocations=121 (full 10):
 PSYoungGen      total 576512K, used 484862K [0x000000078ab00000, 0x00000007b8b80000, 0x00000007c0000000)
  eden space 409088K, 100% used [0x000000078ab00000,0x00000007a3a80000,0x00000007a3a80000)
  from space 167424K, 45% used [0x00000007ae800000,0x00000007b31ffb00,0x00000007b8b80000)
  to   space 172544K, 0% used [0x00000007a3a80000,0x00000007a3a80000,0x00000007ae300000)
 ParOldGen       total 1747968K, used 223646K [0x0000000720000000, 0x000000078ab00000, 0x000000078ab00000)
  object space 1747968K, 12% used [0x0000000720000000,0x000000072da67b68,0x000000078ab00000)
 Metaspace       used 230694K, capacity 258394K, committed 286904K, reserved 1277952K
  class space    used 28700K, capacity 34618K, committed 58832K, reserved 1048576K
Event: 251.247 GC heap after
Heap after GC invocations=121 (full 10):
 PSYoungGen      total 581632K, used 11922K [0x000000078ab00000, 0x00000007b9880000, 0x00000007c0000000)
  eden space 409088K, 0% used [0x000000078ab00000,0x000000078ab00000,0x00000007a3a80000)
  from space 172544K, 6% used [0x00000007a3a80000,0x00000007a4624920,0x00000007ae300000)
  to   space 170496K, 0% used [0x00000007af200000,0x00000007af200000,0x00000007b9880000)
 ParOldGen       total 1747968K, used 223646K [0x0000000720000000, 0x000000078ab00000, 0x000000078ab00000)
  object space 1747968K, 12% used [0x0000000720000000,0x000000072da67b68,0x000000078ab00000)
 Metaspace       used 230694K, capacity 258394K, committed 286904K, reserved 1277952K
  class space    used 28700K, capacity 34618K, committed 58832K, reserved 1048576K
}
Event: 251.924 GC heap before
{Heap before GC invocations=122 (full 10):
 PSYoungGen      total 581632K, used 421010K [0x000000078ab00000, 0x00000007b9880000, 0x00000007c0000000)
  eden space 409088K, 100% used [0x000000078ab00000,0x00000007a3a80000,0x00000007a3a80000)
  from space 172544K, 6% used [0x00000007a3a80000,0x00000007a4624920,0x00000007ae300000)
  to   space 170496K, 0% used [0x00000007af200000,0x00000007af200000,0x00000007b9880000)
 ParOldGen       total 1747968K, used 223646K [0x0000000720000000, 0x000000078ab00000, 0x000000078ab00000)
  object space 1747968K, 12% used [0x0000000720000000,0x000000072da67b68,0x000000078ab00000)
 Metaspace       used 230703K, capacity 258406K, committed 286904K, reserved 1277952K
  class space    used 28702K, capacity 34621K, committed 58832K, reserved 1048576K
Event: 251.951 GC heap after
Heap after GC invocations=122 (full 10):
 PSYoungGen      total 599552K, used 76196K [0x000000078ab00000, 0x00000007b9680000, 0x00000007c0000000)
  eden space 431104K, 0% used [0x000000078ab00000,0x000000078ab00000,0x00000007a5000000)
  from space 168448K, 45% used [0x00000007af200000,0x00000007b3c69058,0x00000007b9680000)
  to   space 165888K, 0% used [0x00000007a5000000,0x00000007a5000000,0x00000007af200000)
 ParOldGen       total 1747968K, used 224130K [0x0000000720000000, 0x000000078ab00000, 0x000000078ab00000)
  object space 1747968K, 12% used [0x0000000720000000,0x000000072dae0a40,0x000000078ab00000)
 Metaspace       used 230703K, capacity 258406K, committed 286904K, reserved 1277952K
  class space    used 28702K, capacity 34621K, committed 58832K, reserved 1048576K
}
Event: 252.615 GC heap before
{Heap before GC invocations=123 (full 10):
 PSYoungGen      total 599552K, used 507300K [0x000000078ab00000, 0x00000007b9680000, 0x00000007c0000000)
  eden space 431104K, 100% used [0x000000078ab00000,0x00000007a5000000,0x00000007a5000000)
  from space 168448K, 45% used [0x00000007af200000,0x00000007b3c69058,0x00000007b9680000)
  to   space 165888K, 0% used [0x00000007a5000000,0x00000007a5000000,0x00000007af200000)
 ParOldGen       total 1747968K, used 224130K [0x0000000720000000, 0x000000078ab00000, 0x000000078ab00000)
  object space 1747968K, 12% used [0x0000000720000000,0x000000072dae0a40,0x000000078ab00000)
 Metaspace       used 230711K, capacity 258406K, committed 286904K, reserved 1277952K
  class space    used 28702K, capacity 34621K, committed 58832K, reserved 1048576K
Event: 252.629 GC heap after
Heap after GC invocations=123 (full 10):
 PSYoungGen      total 596992K, used 75929K [0x000000078ab00000, 0x00000007ba380000, 0x00000007c0000000)
  eden space 431104K, 0% used [0x000000078ab00000,0x000000078ab00000,0x00000007a5000000)
  from space 165888K, 45% used [0x00000007a5000000,0x00000007a9a26700,0x00000007af200000)
  to   space 160768K, 0% used [0x00000007b0680000,0x00000007b0680000,0x00000007ba380000)
 ParOldGen       total 1747968K, used 224642K [0x0000000720000000, 0x000000078ab00000, 0x000000078ab00000)
  object space 1747968K, 12% used [0x0000000720000000,0x000000072db60940,0x000000078ab00000)
 Metaspace       used 230711K, capacity 258406K, committed 286904K, reserved 1277952K
  class space    used 28702K, capacity 34621K, committed 58832K, reserved 1048576K
}
Event: 254.509 GC heap before
{Heap before GC invocations=124 (full 10):
 PSYoungGen      total 596992K, used 501965K [0x000000078ab00000, 0x00000007ba380000, 0x00000007c0000000)
  eden space 431104K, 98% used [0x000000078ab00000,0x00000007a4b0ced8,0x00000007a5000000)
  from space 165888K, 45% used [0x00000007a5000000,0x00000007a9a26700,0x00000007af200000)
  to   space 160768K, 0% used [0x00000007b0680000,0x00000007b0680000,0x00000007ba380000)
 ParOldGen       total 1747968K, used 224642K [0x0000000720000000, 0x000000078ab00000, 0x000000078ab00000)
  object space 1747968K, 12% used [0x0000000720000000,0x000000072db60940,0x000000078ab00000)
 Metaspace       used 230730K, capacity 258424K, committed 286904K, reserved 1277952K
  class space    used 28704K, capacity 34624K, committed 58832K, reserved 1048576K
Event: 254.539 GC heap after
Heap after GC invocations=124 (full 10):
 PSYoungGen      total 597504K, used 143961K [0x000000078ab00000, 0x00000007bcb00000, 0x00000007c0000000)
  eden space 436736K, 0% used [0x000000078ab00000,0x000000078ab00000,0x00000007a5580000)
  from space 160768K, 89% used [0x00000007b0680000,0x00000007b9316770,0x00000007ba380000)
  to   space 181248K, 0% used [0x00000007a5580000,0x00000007a5580000,0x00000007b0680000)
 ParOldGen       total 1747968K, used 389114K [0x0000000720000000, 0x000000078ab00000, 0x000000078ab00000)
  object space 1747968K, 22% used [0x0000000720000000,0x0000000737bfe828,0x000000078ab00000)
 Metaspace       used 230730K, capacity 258424K, committed 286904K, reserved 1277952K
  class space    used 28704K, capacity 34624K, committed 58832K, reserved 1048576K
}
Event: 255.403 GC heap before
{Heap before GC invocations=125 (full 10):
 PSYoungGen      total 597504K, used 580697K [0x000000078ab00000, 0x00000007bcb00000, 0x00000007c0000000)
  eden space 436736K, 100% used [0x000000078ab00000,0x00000007a5580000,0x00000007a5580000)
  from space 160768K, 89% used [0x00000007b0680000,0x00000007b9316770,0x00000007ba380000)
  to   space 181248K, 0% used [0x00000007a5580000,0x00000007a5580000,0x00000007b0680000)
 ParOldGen       total 1747968K, used 389114K [0x0000000720000000, 0x000000078ab00000, 0x000000078ab00000)
  object space 1747968K, 22% used [0x0000000720000000,0x0000000737bfe828,0x000000078ab00000)
 Metaspace       used 230769K, capacity 258462K, committed 286904K, reserved 1277952K
  class space    used 28708K, capacity 34631K, committed 58832K, reserved 1048576K
Event: 255.417 GC heap after
Heap after GC invocations=125 (full 10):
 PSYoungGen      total 617984K, used 75143K [0x000000078ab00000, 0x00000007bbe00000, 0x00000007c0000000)
  eden space 436736K, 0% used [0x000000078ab00000,0x000000078ab00000,0x00000007a5580000)
  from space 181248K, 41% used [0x00000007a5580000,0x00000007a9ee1c08,0x00000007b0680000)
  to   space 172032K, 0% used [0x00000007b1600000,0x00000007b1600000,0x00000007bbe00000)
 ParOldGen       total 1747968K, used 389562K [0x0000000720000000, 0x000000078ab00000, 0x000000078ab00000)
  object space 1747968K, 22% used [0x0000000720000000,0x0000000737c6e868,0x000000078ab00000)
 Metaspace       used 230769K, capacity 258462K, committed 286904K, reserved 1277952K
  class space    used 28708K, capacity 34631K, committed 58832K, reserved 1048576K
}

