# JRE version: OpenJDK Runtime Environment (8.0_312-b07) (build 1.8.0_312-b07)
# Java VM: OpenJDK 64-Bit Server VM (25.312-b07 mixed mode bsd-amd64 compressed oops)
Heap:
 PSYoungGen      total 158208K, used 51514K [0x00000007b5580000, 0x00000007bff00000, 0x00000007c0000000)
  eden space 143872K, 29% used [0x00000007b5580000,0x00000007b7eae0e0,0x00000007be200000)
  from space 14336K, 65% used [0x00000007bf100000,0x00000007bfa20ac8,0x00000007bff00000)
  to   space 14848K, 0% used [0x00000007be200000,0x00000007be200000,0x00000007bf080000)
 ParOldGen       total 349696K, used 280775K [0x00000007a0000000, 0x00000007b5580000, 0x00000007b5580000)
  object space 349696K, 80% used [0x00000007a0000000,0x00000007b1231eb0,0x00000007b5580000)
 Metaspace       used 286013K, capacity 316363K, committed 347840K, reserved 1316864K
  class space    used 40271K, capacity 51225K, committed 79808K, reserved 1048576K
GC Heap History (10 events):
Event: 293.514 GC heap before
{Heap before GC invocations=212 (full 8):
 PSYoungGen      total 157696K, used 153795K [0x00000007b5580000, 0x00000007c0000000, 0x00000007c0000000)
  eden space 142336K, 100% used [0x00000007b5580000,0x00000007be080000,0x00000007be080000)
  from space 15360K, 74% used [0x00000007be080000,0x00000007bebb0d00,0x00000007bef80000)
  to   space 15360K, 0% used [0x00000007bf100000,0x00000007bf100000,0x00000007c0000000)
 ParOldGen       total 349696K, used 261173K [0x00000007a0000000, 0x00000007b5580000, 0x00000007b5580000)
  object space 349696K, 74% used [0x00000007a0000000,0x00000007aff0d428,0x00000007b5580000)
 Metaspace       used 285723K, capacity 315765K, committed 347840K, reserved 1316864K
  class space    used 40204K, capacity 50884K, committed 79808K, reserved 1048576K
Event: 293.530 GC heap after
Heap after GC invocations=212 (full 8):
 PSYoungGen      total 159232K, used 7242K [0x00000007b5580000, 0x00000007c0000000, 0x00000007c0000000)
  eden space 143872K, 0% used [0x00000007b5580000,0x00000007b5580000,0x00000007be200000)
  from space 15360K, 47% used [0x00000007bf100000,0x00000007bf812ab8,0x00000007c0000000)
  to   space 15360K, 0% used [0x00000007be200000,0x00000007be200000,0x00000007bf100000)
 ParOldGen       total 349696K, used 266373K [0x00000007a0000000, 0x00000007b5580000, 0x00000007b5580000)
  object space 349696K, 76% used [0x00000007a0000000,0x00000007b04216f0,0x00000007b5580000)
 Metaspace       used 285723K, capacity 315765K, committed 347840K, reserved 1316864K
  class space    used 40204K, capacity 50884K, committed 79808K, reserved 1048576K
}
Event: 294.482 GC heap before
{Heap before GC invocations=213 (full 8):
 PSYoungGen      total 159232K, used 151114K [0x00000007b5580000, 0x00000007c0000000, 0x00000007c0000000)
  eden space 143872K, 100% used [0x00000007b5580000,0x00000007be200000,0x00000007be200000)
  from space 15360K, 47% used [0x00000007bf100000,0x00000007bf812ab8,0x00000007c0000000)
  to   space 15360K, 0% used [0x00000007be200000,0x00000007be200000,0x00000007bf100000)
 ParOldGen       total 349696K, used 266373K [0x00000007a0000000, 0x00000007b5580000, 0x00000007b5580000)
  object space 349696K, 76% used [0x00000007a0000000,0x00000007b04216f0,0x00000007b5580000)
 Metaspace       used 285754K, capacity 315813K, committed 347840K, reserved 1316864K
  class space    used 40209K, capacity 50895K, committed 79808K, reserved 1048576K
Event: 294.501 GC heap after
Heap after GC invocations=213 (full 8):
 PSYoungGen      total 153600K, used 9521K [0x00000007b5580000, 0x00000007bff00000, 0x00000007c0000000)
  eden space 143872K, 0% used [0x00000007b5580000,0x00000007b5580000,0x00000007be200000)
  from space 9728K, 97% used [0x00000007be200000,0x00000007beb4c608,0x00000007beb80000)
  to   space 14848K, 0% used [0x00000007bf080000,0x00000007bf080000,0x00000007bff00000)
 ParOldGen       total 349696K, used 268882K [0x00000007a0000000, 0x00000007b5580000, 0x00000007b5580000)
  object space 349696K, 76% used [0x00000007a0000000,0x00000007b06948c0,0x00000007b5580000)
 Metaspace       used 285754K, capacity 315813K, committed 347840K, reserved 1316864K
  class space    used 40209K, capacity 50895K, committed 79808K, reserved 1048576K
}
Event: 295.345 GC heap before
{Heap before GC invocations=214 (full 8):
 PSYoungGen      total 153600K, used 153393K [0x00000007b5580000, 0x00000007bff00000, 0x00000007c0000000)
  eden space 143872K, 100% used [0x00000007b5580000,0x00000007be200000,0x00000007be200000)
  from space 9728K, 97% used [0x00000007be200000,0x00000007beb4c608,0x00000007beb80000)
  to   space 14848K, 0% used [0x00000007bf080000,0x00000007bf080000,0x00000007bff00000)
 ParOldGen       total 349696K, used 268882K [0x00000007a0000000, 0x00000007b5580000, 0x00000007b5580000)
  object space 349696K, 76% used [0x00000007a0000000,0x00000007b06948c0,0x00000007b5580000)
 Metaspace       used 285800K, capacity 315861K, committed 347840K, reserved 1316864K
  class space    used 40214K, capacity 50905K, committed 79808K, reserved 1048576K
Event: 295.363 GC heap after
Heap after GC invocations=214 (full 8):
 PSYoungGen      total 158208K, used 12587K [0x00000007b5580000, 0x00000007c0000000, 0x00000007c0000000)
  eden space 143360K, 0% used [0x00000007b5580000,0x00000007b5580000,0x00000007be180000)
  from space 14848K, 84% used [0x00000007bf080000,0x00000007bfccaff8,0x00000007bff00000)
  to   space 15360K, 0% used [0x00000007be180000,0x00000007be180000,0x00000007bf080000)
 ParOldGen       total 349696K, used 272097K [0x00000007a0000000, 0x00000007b5580000, 0x00000007b5580000)
  object space 349696K, 77% used [0x00000007a0000000,0x00000007b09b8700,0x00000007b5580000)
 Metaspace       used 285800K, capacity 315861K, committed 347840K, reserved 1316864K
  class space    used 40214K, capacity 50905K, committed 79808K, reserved 1048576K
}
Event: 296.124 GC heap before
{Heap before GC invocations=215 (full 8):
 PSYoungGen      total 158208K, used 155947K [0x00000007b5580000, 0x00000007c0000000, 0x00000007c0000000)
  eden space 143360K, 100% used [0x00000007b5580000,0x00000007be180000,0x00000007be180000)
  from space 14848K, 84% used [0x00000007bf080000,0x00000007bfccaff8,0x00000007bff00000)
  to   space 15360K, 0% used [0x00000007be180000,0x00000007be180000,0x00000007bf080000)
 ParOldGen       total 349696K, used 272097K [0x00000007a0000000, 0x00000007b5580000, 0x00000007b5580000)
  object space 349696K, 77% used [0x00000007a0000000,0x00000007b09b8700,0x00000007b5580000)
 Metaspace       used 285849K, capacity 315927K, committed 347840K, reserved 1316864K
  class space    used 40223K, capacity 50923K, committed 79808K, reserved 1048576K
Event: 296.144 GC heap after
Heap after GC invocations=215 (full 8):
 PSYoungGen      total 158720K, used 8124K [0x00000007b5580000, 0x00000007c0000000, 0x00000007c0000000)
  eden space 143360K, 0% used [0x00000007b5580000,0x00000007b5580000,0x00000007be180000)
  from space 15360K, 52% used [0x00000007be180000,0x00000007be96f190,0x00000007bf080000)
  to   space 15360K, 0% used [0x00000007bf100000,0x00000007bf100000,0x00000007c0000000)
 ParOldGen       total 349696K, used 277287K [0x00000007a0000000, 0x00000007b5580000, 0x00000007b5580000)
  object space 349696K, 79% used [0x00000007a0000000,0x00000007b0ec9e08,0x00000007b5580000)
 Metaspace       used 285849K, capacity 315927K, committed 347840K, reserved 1316864K
  class space    used 40223K, capacity 50923K, committed 79808K, reserved 1048576K
}
Event: 296.990 GC heap before
{Heap before GC invocations=216 (full 8):
 PSYoungGen      total 158720K, used 151484K [0x00000007b5580000, 0x00000007c0000000, 0x00000007c0000000)
  eden space 143360K, 100% used [0x00000007b5580000,0x00000007be180000,0x00000007be180000)
  from space 15360K, 52% used [0x00000007be180000,0x00000007be96f190,0x00000007bf080000)
  to   space 15360K, 0% used [0x00000007bf100000,0x00000007bf100000,0x00000007c0000000)
 ParOldGen       total 349696K, used 277287K [0x00000007a0000000, 0x00000007b5580000, 0x00000007b5580000)
  object space 349696K, 79% used [0x00000007a0000000,0x00000007b0ec9e08,0x00000007b5580000)
 Metaspace       used 285934K, capacity 316041K, committed 347840K, reserved 1316864K
  class space    used 40237K, capacity 50951K, committed 79808K, reserved 1048576K
Event: 297.007 GC heap after
Heap after GC invocations=216 (full 8):
 PSYoungGen      total 158208K, used 9346K [0x00000007b5580000, 0x00000007bff00000, 0x00000007c0000000)
  eden space 143872K, 0% used [0x00000007b5580000,0x00000007b5580000,0x00000007be200000)
  from space 14336K, 65% used [0x00000007bf100000,0x00000007bfa20ac8,0x00000007bff00000)
  to   space 14848K, 0% used [0x00000007be200000,0x00000007be200000,0x00000007bf080000)
 ParOldGen       total 349696K, used 280775K [0x00000007a0000000, 0x00000007b5580000, 0x00000007b5580000)
  object space 349696K, 80% used [0x00000007a0000000,0x00000007b1231eb0,0x00000007b5580000)
 Metaspace       used 285934K, capacity 316041K, committed 347840K, reserved 1316864K
  class space    used 40237K, capacity 50951K, committed 79808K, reserved 1048576K
}

