# JRE version: OpenJDK Runtime Environment (8.0_312-b07) (build 1.8.0_312-b07)
# Java VM: OpenJDK 64-Bit Server VM (25.312-b07 mixed mode bsd-amd64 compressed oops)
Heap:
 PSYoungGen      total 167424K, used 58432K [0x00000007b5580000, 0x00000007c0000000, 0x00000007c0000000)
  eden space 160256K, 33% used [0x00000007b5580000,0x00000007b8a64e58,0x00000007bf200000)
  from space 7168K, 59% used [0x00000007bf200000,0x00000007bf62b448,0x00000007bf900000)
  to   space 7168K, 0% used [0x00000007bf900000,0x00000007bf900000,0x00000007c0000000)
 ParOldGen       total 349696K, used 257870K [0x00000007a0000000, 0x00000007b5580000, 0x00000007b5580000)
  object space 349696K, 73% used [0x00000007a0000000,0x00000007afbd3be0,0x00000007b5580000)
 Metaspace       used 265927K, capacity 354383K, committed 386408K, reserved 1306624K
  class space    used 38531K, capacity 100371K, committed 129904K, reserved 1048576K
GC Heap History (10 events):
Event: 346.769 GC heap before
{Heap before GC invocations=477 (full 10):
 PSYoungGen      total 168960K, used 168293K [0x00000007b5580000, 0x00000007c0000000, 0x00000007c0000000)
  eden space 164864K, 100% used [0x00000007b5580000,0x00000007bf680000,0x00000007bf680000)
  from space 4096K, 83% used [0x00000007bfb00000,0x00000007bfe59548,0x00000007bff00000)
  to   space 4608K, 0% used [0x00000007bf680000,0x00000007bf680000,0x00000007bfb00000)
 ParOldGen       total 349696K, used 245827K [0x00000007a0000000, 0x00000007b5580000, 0x00000007b5580000)
  object space 349696K, 70% used [0x00000007a0000000,0x00000007af010ca0,0x00000007b5580000)
 Metaspace       used 260388K, capacity 342627K, committed 382824K, reserved 1302528K
  class space    used 37415K, capacity 93448K, committed 129904K, reserved 1048576K
Event: 346.778 GC heap after
Heap after GC invocations=477 (full 10):
 PSYoungGen      total 169472K, used 2189K [0x00000007b5580000, 0x00000007c0000000, 0x00000007c0000000)
  eden space 164864K, 0% used [0x00000007b5580000,0x00000007b5580000,0x00000007bf680000)
  from space 4608K, 47% used [0x00000007bf680000,0x00000007bf8a34f0,0x00000007bfb00000)
  to   space 4608K, 0% used [0x00000007bfb80000,0x00000007bfb80000,0x00000007c0000000)
 ParOldGen       total 349696K, used 246384K [0x00000007a0000000, 0x00000007b5580000, 0x00000007b5580000)
  object space 349696K, 70% used [0x00000007a0000000,0x00000007af09c240,0x00000007b5580000)
 Metaspace       used 260388K, capacity 342627K, committed 382824K, reserved 1302528K
  class space    used 37415K, capacity 93448K, committed 129904K, reserved 1048576K
}
Event: 347.432 GC heap before
{Heap before GC invocations=478 (full 10):
 PSYoungGen      total 169472K, used 167053K [0x00000007b5580000, 0x00000007c0000000, 0x00000007c0000000)
  eden space 164864K, 100% used [0x00000007b5580000,0x00000007bf680000,0x00000007bf680000)
  from space 4608K, 47% used [0x00000007bf680000,0x00000007bf8a34f0,0x00000007bfb00000)
  to   space 4608K, 0% used [0x00000007bfb80000,0x00000007bfb80000,0x00000007c0000000)
 ParOldGen       total 349696K, used 246384K [0x00000007a0000000, 0x00000007b5580000, 0x00000007b5580000)
  object space 349696K, 70% used [0x00000007a0000000,0x00000007af09c240,0x00000007b5580000)
 Metaspace       used 260762K, capacity 344471K, committed 382824K, reserved 1302528K
  class space    used 37608K, capacity 95047K, committed 129904K, reserved 1048576K
Event: 347.442 GC heap after
Heap after GC invocations=478 (full 10):
 PSYoungGen      total 168960K, used 1892K [0x00000007b5580000, 0x00000007bff00000, 0x00000007c0000000)
  eden space 165376K, 0% used [0x00000007b5580000,0x00000007b5580000,0x00000007bf700000)
  from space 3584K, 52% used [0x00000007bfb80000,0x00000007bfd59208,0x00000007bff00000)
  to   space 4096K, 0% used [0x00000007bf700000,0x00000007bf700000,0x00000007bfb00000)
 ParOldGen       total 349696K, used 247053K [0x00000007a0000000, 0x00000007b5580000, 0x00000007b5580000)
  object space 349696K, 70% used [0x00000007a0000000,0x00000007af1436b8,0x00000007b5580000)
 Metaspace       used 260762K, capacity 344471K, committed 382824K, reserved 1302528K
  class space    used 37608K, capacity 95047K, committed 129904K, reserved 1048576K
}
Event: 348.043 GC heap before
{Heap before GC invocations=479 (full 10):
 PSYoungGen      total 168960K, used 167268K [0x00000007b5580000, 0x00000007bff00000, 0x00000007c0000000)
  eden space 165376K, 100% used [0x00000007b5580000,0x00000007bf700000,0x00000007bf700000)
  from space 3584K, 52% used [0x00000007bfb80000,0x00000007bfd59208,0x00000007bff00000)
  to   space 4096K, 0% used [0x00000007bf700000,0x00000007bf700000,0x00000007bfb00000)
 ParOldGen       total 349696K, used 247053K [0x00000007a0000000, 0x00000007b5580000, 0x00000007b5580000)
  object space 349696K, 70% used [0x00000007a0000000,0x00000007af1436b8,0x00000007b5580000)
 Metaspace       used 261204K, capacity 346573K, committed 382824K, reserved 1302528K
  class space    used 37825K, capacity 96849K, committed 129904K, reserved 1048576K
Event: 348.051 GC heap after
Heap after GC invocations=479 (full 10):
 PSYoungGen      total 169472K, used 3330K [0x00000007b5580000, 0x00000007c0000000, 0x00000007c0000000)
  eden space 165376K, 0% used [0x00000007b5580000,0x00000007b5580000,0x00000007bf700000)
  from space 4096K, 81% used [0x00000007bf700000,0x00000007bfa40b50,0x00000007bfb00000)
  to   space 4608K, 0% used [0x00000007bfb80000,0x00000007bfb80000,0x00000007c0000000)
 ParOldGen       total 349696K, used 247562K [0x00000007a0000000, 0x00000007b5580000, 0x00000007b5580000)
  object space 349696K, 70% used [0x00000007a0000000,0x00000007af1c2b30,0x00000007b5580000)
 Metaspace       used 261204K, capacity 346573K, committed 382824K, reserved 1302528K
  class space    used 37825K, capacity 96849K, committed 129904K, reserved 1048576K
}
Event: 348.976 GC heap before
{Heap before GC invocations=480 (full 10):
 PSYoungGen      total 169472K, used 168706K [0x00000007b5580000, 0x00000007c0000000, 0x00000007c0000000)
  eden space 165376K, 100% used [0x00000007b5580000,0x00000007bf700000,0x00000007bf700000)
  from space 4096K, 81% used [0x00000007bf700000,0x00000007bfa40b50,0x00000007bfb00000)
  to   space 4608K, 0% used [0x00000007bfb80000,0x00000007bfb80000,0x00000007c0000000)
 ParOldGen       total 349696K, used 247562K [0x00000007a0000000, 0x00000007b5580000, 0x00000007b5580000)
  object space 349696K, 70% used [0x00000007a0000000,0x00000007af1c2b30,0x00000007b5580000)
 Metaspace       used 265099K, capacity 351509K, committed 386152K, reserved 1306624K
  class space    used 38227K, capacity 98178K, committed 129904K, reserved 1048576K
Event: 348.985 GC heap after
Heap after GC invocations=480 (full 10):
 PSYoungGen      total 164864K, used 4594K [0x00000007b5580000, 0x00000007c0000000, 0x00000007c0000000)
  eden space 160256K, 0% used [0x00000007b5580000,0x00000007b5580000,0x00000007bf200000)
  from space 4608K, 99% used [0x00000007bfb80000,0x00000007bfffcbb8,0x00000007c0000000)
  to   space 7168K, 0% used [0x00000007bf200000,0x00000007bf200000,0x00000007bf900000)
 ParOldGen       total 349696K, used 253405K [0x00000007a0000000, 0x00000007b5580000, 0x00000007b5580000)
  object space 349696K, 72% used [0x00000007a0000000,0x00000007af7774b0,0x00000007b5580000)
 Metaspace       used 265099K, capacity 351509K, committed 386152K, reserved 1306624K
  class space    used 38227K, capacity 98178K, committed 129904K, reserved 1048576K
}
Event: 349.431 GC heap before
{Heap before GC invocations=481 (full 10):
 PSYoungGen      total 164864K, used 164850K [0x00000007b5580000, 0x00000007c0000000, 0x00000007c0000000)
  eden space 160256K, 100% used [0x00000007b5580000,0x00000007bf200000,0x00000007bf200000)
  from space 4608K, 99% used [0x00000007bfb80000,0x00000007bfffcbb8,0x00000007c0000000)
  to   space 7168K, 0% used [0x00000007bf200000,0x00000007bf200000,0x00000007bf900000)
 ParOldGen       total 349696K, used 253405K [0x00000007a0000000, 0x00000007b5580000, 0x00000007b5580000)
  object space 349696K, 72% used [0x00000007a0000000,0x00000007af7774b0,0x00000007b5580000)
 Metaspace       used 265581K, capacity 353083K, committed 386408K, reserved 1306624K
  class space    used 38392K, capacity 99314K, committed 129904K, reserved 1048576K
Event: 349.439 GC heap after
Heap after GC invocations=481 (full 10):
 PSYoungGen      total 167424K, used 4269K [0x00000007b5580000, 0x00000007c0000000, 0x00000007c0000000)
  eden space 160256K, 0% used [0x00000007b5580000,0x00000007b5580000,0x00000007bf200000)
  from space 7168K, 59% used [0x00000007bf200000,0x00000007bf62b448,0x00000007bf900000)
  to   space 7168K, 0% used [0x00000007bf900000,0x00000007bf900000,0x00000007c0000000)
 ParOldGen       total 349696K, used 257870K [0x00000007a0000000, 0x00000007b5580000, 0x00000007b5580000)
  object space 349696K, 73% used [0x00000007a0000000,0x00000007afbd3be0,0x00000007b5580000)
 Metaspace       used 265581K, capacity 353083K, committed 386408K, reserved 1306624K
  class space    used 38392K, capacity 99314K, committed 129904K, reserved 1048576K
}

